\BOOKMARK [1][-]{section.1}{\376\377\000I\000n\000t\000r\000o\000d\000u\000c\000t\000i\000o\000n}{}% 1
\BOOKMARK [2][-]{subsection.1.1}{\376\377\000M\000a\000s\000s\000\040\000T\000r\000a\000n\000s\000f\000e\000r\000\040\000i\000n\000\040\000C\000o\000m\000m\000o\000n\000\040\000B\000i\000n\000a\000r\000i\000e\000s}{section.1}% 2
\BOOKMARK [2][-]{subsection.1.2}{\376\377\000R\000o\000c\000h\000e\000\040\000L\000o\000b\000e\000\040\000M\000o\000d\000e\000l}{section.1}% 3
\BOOKMARK [2][-]{subsection.1.3}{\376\377\000D\000e\000t\000a\000c\000h\000e\000d\000\040\000b\000i\000n\000a\000r\000i\000e\000s}{section.1}% 4
\BOOKMARK [3][-]{subsubsection.1.3.1}{\376\377\000W\000i\000n\000d\000\040\000A\000c\000c\000r\000e\000t\000i\000o\000n\000\040\000M\000a\000s\000s\000\040\000T\000r\000a\000n\000s\000f\000e\000r}{subsection.1.3}% 5
\BOOKMARK [2][-]{subsection.1.4}{\376\377\000S\000e\000m\000i\000-\000d\000e\000t\000a\000c\000h\000e\000d\000\040\000B\000i\000n\000a\000r\000i\000e\000s}{section.1}% 6
\BOOKMARK [3][-]{subsubsection.1.4.1}{\376\377\000M\000a\000s\000s\000\040\000t\000r\000a\000n\000s\000f\000e\000r\000\040\000t\000h\000r\000o\000u\000g\000h\000\040\000L\0001}{subsection.1.4}% 7
\BOOKMARK [3][-]{subsubsection.1.4.2}{\376\377\000A\000t\000m\000o\000s\000p\000h\000e\000r\000i\000c\000\040\000R\000L\000O}{subsection.1.4}% 8
\BOOKMARK [2][-]{subsection.1.5}{\376\377\000C\000o\000n\000t\000a\000c\000t\000\040\000B\000i\000n\000a\000r\000y}{section.1}% 9
\BOOKMARK [3][-]{subsubsection.1.5.1}{\376\377\000C\000o\000m\000m\000o\000n\000\040\000E\000n\000v\000e\000l\000o\000p\000e\000\040\000\050\000C\000E\000\051}{subsection.1.5}% 10
\BOOKMARK [3][-]{subsubsection.1.5.2}{\376\377\000S\000t\000a\000b\000l\000e\000\040\000E\000v\000o\000l\000u\000t\000i\000o\000n}{subsection.1.5}% 11
\BOOKMARK [2][-]{subsection.1.6}{\376\377\000X\000-\000r\000a\000y\000\040\000B\000i\000n\000a\000r\000i\000e\000s}{section.1}% 12
\BOOKMARK [3][-]{subsubsection.1.6.1}{\376\377\000X\000-\000r\000a\000y\000s\000\040\000c\000a\000u\000s\000e\000d\000\040\000b\000y\000\040\000a\000c\000c\000r\000e\000t\000i\000o\000n\000\040\000o\000n\000t\000o\000\040\000a\000\040\000c\000o\000m\000p\000a\000c\000t\000\040\000o\000b\000j\000e\000c\000t}{subsection.1.6}% 13
\BOOKMARK [1][-]{section.2}{\376\377\000D\000a\000t\000a\000\040\000A\000c\000q\000u\000i\000s\000i\000t\000i\000o\000n}{}% 14
\BOOKMARK [2][-]{subsection.2.1}{\376\377\000V\000e\000l\000a\000\040\000X\000-\0001\000\040\000\050\000D\000e\000t\000a\000c\000h\000e\000d\000\051}{section.2}% 15
\BOOKMARK [3][-]{subsubsection.2.1.1}{\376\377\000K\000n\000o\000w\000n\000\040\000p\000r\000o\000p\000e\000r\000t\000i\000e\000s}{subsection.2.1}% 16
\BOOKMARK [2][-]{subsection.2.2}{\376\377\000V\0004\0000\0004\000\040\000C\000y\000g\000n\000i\000\040\000\050\000S\000e\000m\000i\000-\000d\000e\000t\000a\000c\000h\000e\000d\000\051}{section.2}% 17
\BOOKMARK [3][-]{subsubsection.2.2.1}{\376\377\000K\000n\000o\000w\000n\000\040\000p\000r\000o\000p\000e\000r\000t\000i\000e\000s}{subsection.2.2}% 18
\BOOKMARK [2][-]{subsection.2.3}{\376\377\000W\000\040\000U\000r\000s\000a\000e\000\040\000M\000a\000j\000o\000r\000i\000s\000\040\000\050\000C\000o\000n\000t\000a\000c\000t\000\040\000B\000i\000n\000a\000r\000y\000\051}{section.2}% 19
\BOOKMARK [3][-]{subsubsection.2.3.1}{\376\377\000K\000n\000o\000w\000n\000\040\000p\000r\000o\000p\000e\000r\000t\000i\000e\000s}{subsection.2.3}% 20
\BOOKMARK [2][-]{subsection.2.4}{\376\377\000P\000O\000S\000Y\000D\000O\000N\000\040\000S\000i\000m\000u\000l\000a\000t\000i\000o\000n\000s}{section.2}% 21
\BOOKMARK [3][-]{subsubsection.2.4.1}{\376\377\000D\000a\000t\000a\000\040\000P\000r\000o\000c\000e\000s\000s\000i\000n\000g}{subsection.2.4}% 22
\BOOKMARK [1][-]{section.3}{\376\377\000R\000e\000s\000u\000l\000t\000s}{}% 23
\BOOKMARK [2][-]{subsection.3.1}{\376\377\000D\000e\000t\000a\000c\000h\000e\000d\000\040\000B\000i\000n\000a\000r\000i\000e\000s}{section.3}% 24
\BOOKMARK [3][-]{subsubsection.3.1.1}{\376\377\000V\000e\000l\000a\000\040\000X\000-\0001\000\040\000R\000e\000s\000u\000l\000t\000s}{subsection.3.1}% 25
\BOOKMARK [2][-]{subsection.3.2}{\376\377\000S\000e\000m\000i\000-\000D\000e\000t\000a\000c\000h\000e\000d\000\040\000B\000i\000n\000a\000r\000i\000e\000s}{section.3}% 26
\BOOKMARK [3][-]{subsubsection.3.2.1}{\376\377\000V\0004\0000\0004\000\040\000C\000y\000g\000n\000i\000\040\000R\000e\000s\000u\000l\000t\000s}{subsection.3.2}% 27
\BOOKMARK [2][-]{subsection.3.3}{\376\377\000C\000o\000n\000t\000a\000c\000t\000\040\000B\000i\000n\000a\000r\000i\000e\000s}{section.3}% 28
\BOOKMARK [3][-]{subsubsection.3.3.1}{\376\377\000W\000\040\000U\000M\000a\000\040\000R\000e\000s\000u\000l\000t\000s}{subsection.3.3}% 29
\BOOKMARK [1][-]{section.4}{\376\377\000D\000i\000s\000c\000u\000s\000s\000i\000o\000n}{}% 30
\BOOKMARK [2][-]{subsubsection.4.0.1}{\376\377\000D\000i\000s\000c\000l\000a\000i\000m\000e\000r\000s\000\040\000a\000n\000d\000\040\000N\000o\000t\000e\000s}{section.4}% 31
\BOOKMARK [2][-]{subsection.4.1}{\376\377\000C\000o\000d\000e\000\040\000a\000n\000d\000\040\000W\000r\000i\000t\000i\000n\000g\000\040\000P\000r\000o\000c\000e\000s\000s}{section.4}% 32
\BOOKMARK [3][-]{subsubsection.4.1.1}{\376\377\000C\000o\000d\000e}{subsection.4.1}% 33
\BOOKMARK [3][-]{subsubsection.4.1.2}{\376\377\000L\000a\000T\000e\000X}{subsection.4.1}% 34
\BOOKMARK [3][-]{subsubsection.4.1.3}{\376\377\000G\000i\000t\000H\000u\000b}{subsection.4.1}% 35
\BOOKMARK [1][-]{section.5}{\376\377\000C\000o\000n\000c\000l\000u\000s\000i\000o\000n}{}% 36
\BOOKMARK [1][-]{section.5}{\376\377\000=\000W\000o\000r\000k\000s\000\040\000C\000i\000t\000e\000d}{}% 37
